0 info it worked if it ends with ok
1 verbose cli [ 'c:\\Program Files\\nodejs\\node.exe',
1 verbose cli   'c:\\Program Files\\nodejs\\node_modules\\npm\\bin\\npm-cli.js',
1 verbose cli   'publish',
1 verbose cli   '.' ]
2 info using npm@2.14.2
3 info using node@v4.0.0
4 verbose publish [ '.' ]
5 silly cache add args [ '.', null ]
6 verbose cache add spec .
7 silly cache add parsed spec Result {
7 silly cache add   raw: '.',
7 silly cache add   scope: null,
7 silly cache add   name: null,
7 silly cache add   rawSpec: '.',
7 silly cache add   spec: 'E:\\MyProject\\jsf',
7 silly cache add   type: 'directory' }
8 verbose addLocalDirectory C:\Users\qinjia-PC\AppData\Roaming\npm-cache\jsf\0.0.1\package.tgz not in flight; packing
9 verbose tar pack [ 'C:\\Users\\qinjia-PC\\AppData\\Roaming\\npm-cache\\jsf\\0.0.1\\package.tgz',
9 verbose tar pack   'E:\\MyProject\\jsf' ]
10 verbose tarball C:\Users\qinjia-PC\AppData\Roaming\npm-cache\jsf\0.0.1\package.tgz
11 verbose folder E:\MyProject\jsf
12 info prepublish jsf@0.0.1
13 verbose addLocalTarball adding from inside cache C:\Users\qinjia-PC\AppData\Roaming\npm-cache\jsf\0.0.1\package.tgz
14 silly cache afterAdd jsf@0.0.1
15 verbose afterAdd C:\Users\qinjia-PC\AppData\Roaming\npm-cache\jsf\0.0.1\package\package.json not in flight; writing
16 verbose afterAdd C:\Users\qinjia-PC\AppData\Roaming\npm-cache\jsf\0.0.1\package\package.json written
17 silly publish { name: 'jsf',
17 silly publish   version: '0.0.1',
17 silly publish   description: 'generate jsconfig.json for visual studio code',
17 silly publish   license: 'MIT',
17 silly publish   repository: { type: 'git', url: 'git+https://github.com/hellopao/jsf.git' },
17 silly publish   author: { name: 'qinjia', email: 'qinjia@outlook.com' },
17 silly publish   engines: { node: '>=4.0.0' },
17 silly publish   bin: { jsf: 'bin/jsf.js' },
17 silly publish   keywords: [ 'jsconfig.json', 'visual studio code' ],
17 silly publish   homepage: 'https://github.com/hellopao/jsf',
17 silly publish   _id: 'jsf@0.0.1',
17 silly publish   _from: '.',
17 silly publish   dependencies: { commander: '^2.8.1' },
17 silly publish   gitHead: 'd2fc933bcc4820557539938e1dda8af84e71dbf8',
17 silly publish   bugs: { url: 'https://github.com/hellopao/jsf/issues' },
17 silly publish   readme: 'ERROR: No README data found!',
17 silly publish   scripts: {},
17 silly publish   _shasum: 'de2c0565a148f51eeebf0bbb1b780ead08660155' }
18 verbose getPublishConfig undefined
19 silly mapToRegistry name jsf
20 silly mapToRegistry using default registry
21 silly mapToRegistry registry https://registry.npmjs.org/
22 silly mapToRegistry uri https://registry.npmjs.org/jsf
23 verbose publish registryBase https://registry.npmjs.org/
24 silly publish uploading C:\Users\qinjia-PC\AppData\Roaming\npm-cache\jsf\0.0.1\package.tgz
25 verbose request uri https://registry.npmjs.org/jsf
26 verbose request sending authorization for write operation
27 info attempt registry request try #1 at 16:39:16
28 verbose request using bearer token for auth
29 verbose request id da04cfbd192f810c
30 http request PUT https://registry.npmjs.org/jsf
31 http 403 https://registry.npmjs.org/jsf
32 verbose headers { 'content-type': 'application/json',
32 verbose headers   'cache-control': 'max-age=60',
32 verbose headers   'content-length': '95',
32 verbose headers   'accept-ranges': 'bytes',
32 verbose headers   date: 'Tue, 15 Sep 2015 08:39:18 GMT',
32 verbose headers   via: '1.1 varnish',
32 verbose headers   connection: 'close',
32 verbose headers   'x-served-by': 'cache-nrt6120-NRT',
32 verbose headers   'x-cache': 'MISS',
32 verbose headers   'x-cache-hits': '0',
32 verbose headers   'x-timer': 'S1442306358.036184,VS0,VE527' }
33 verbose request invalidating C:\Users\qinjia-PC\AppData\Roaming\npm-cache\registry.npmjs.org\jsf on PUT
34 error publish Failed PUT 403
35 verbose stack Error: "You cannot publish over the previously published version 0.0.1." : jsf
35 verbose stack     at makeError (c:\Program Files\nodejs\node_modules\npm\node_modules\npm-registry-client\lib\request.js:263:12)
35 verbose stack     at CachingRegistryClient.<anonymous> (c:\Program Files\nodejs\node_modules\npm\node_modules\npm-registry-client\lib\request.js:251:14)
35 verbose stack     at Request._callback (c:\Program Files\nodejs\node_modules\npm\node_modules\npm-registry-client\lib\request.js:171:14)
35 verbose stack     at Request.self.callback (c:\Program Files\nodejs\node_modules\npm\node_modules\request\request.js:198:22)
35 verbose stack     at emitTwo (events.js:87:13)
35 verbose stack     at Request.emit (events.js:172:7)
35 verbose stack     at Request.<anonymous> (c:\Program Files\nodejs\node_modules\npm\node_modules\request\request.js:1073:14)
35 verbose stack     at emitOne (events.js:82:20)
35 verbose stack     at Request.emit (events.js:169:7)
35 verbose stack     at IncomingMessage.<anonymous> (c:\Program Files\nodejs\node_modules\npm\node_modules\request\request.js:1019:12)
36 verbose statusCode 403
37 verbose pkgid jsf
38 verbose cwd E:\MyProject\jsf
39 error Windows_NT 6.3.9600
40 error argv "c:\\Program Files\\nodejs\\node.exe" "c:\\Program Files\\nodejs\\node_modules\\npm\\bin\\npm-cli.js" "publish" "."
41 error node v4.0.0
42 error npm  v2.14.2
43 error code E403
44 error "You cannot publish over the previously published version 0.0.1." : jsf
45 error If you need help, you may report this error at:
45 error     <https://github.com/npm/npm/issues>
46 verbose exit [ 1, true ]
